<?xml version="1.0" encoding="UTF-8"?>
<coverage generated="1583951010031" clover="3.2.0">
  <project timestamp="1583951010031" name="All files">
    <metrics statements="23" coveredstatements="22" conditionals="0" coveredconditionals="0" methods="7" coveredmethods="7" elements="30" coveredelements="29" complexity="0" loc="23" ncloc="23" packages="1" files="2" classes="2"/>
    <file name="api.bcb.js" path="C:\Users\reina\Desktop\ReactAula\FullStackMaster\Exercicios\semana02\ConvertMyMoney\lib\api.bcb.js">
      <metrics statements="18" coveredstatements="17" conditionals="0" coveredconditionals="0" methods="5" coveredmethods="5"/>
      <line num="1" count="1" type="stmt"/>
      <line num="3" count="1" type="stmt"/>
      <line num="4" count="3" type="stmt"/>
      <line num="6" count="1" type="stmt"/>
      <line num="7" count="3" type="stmt"/>
      <line num="10" count="3" type="stmt"/>
      <line num="12" count="1" type="stmt"/>
      <line num="13" count="3" type="stmt"/>
      <line num="14" count="3" type="stmt"/>
      <line num="19" count="1" type="stmt"/>
      <line num="20" count="2" type="stmt"/>
      <line num="21" count="2" type="stmt"/>
      <line num="22" count="2" type="stmt"/>
      <line num="23" count="2" type="stmt"/>
      <line num="24" count="2" type="stmt"/>
      <line num="25" count="2" type="stmt"/>
      <line num="27" count="0" type="stmt"/>
      <line num="31" count="1" type="stmt"/>
    </file>
    <file name="convert.js" path="C:\Users\reina\Desktop\ReactAula\FullStackMaster\Exercicios\semana02\ConvertMyMoney\lib\convert.js">
      <metrics statements="5" coveredstatements="5" conditionals="0" coveredconditionals="0" methods="2" coveredmethods="2"/>
      <line num="1" count="1" type="stmt"/>
      <line num="2" count="1" type="stmt"/>
      <line num="5" count="1" type="stmt"/>
      <line num="6" count="1" type="stmt"/>
      <line num="9" count="1" type="stmt"/>
    </file>
  </project>
</coverage>
