{"C:\\Users\\reina\\Desktop\\ReactAula\\FullStackMaster\\Exercicios\\semana02\\ConvertMyMoney\\lib\\api.bcb.js": {"path":"C:\\Users\\reina\\Desktop\\ReactAula\\FullStackMaster\\Exercicios\\semana02\\ConvertMyMoney\\lib\\api.bcb.js","statementMap":{"0":{"start":{"line":1,"column":14},"end":{"line":1,"column":30}},"1":{"start":{"line":3,"column":15},"end":{"line":4,"column":215}},"2":{"start":{"line":4,"column":2},"end":{"line":4,"column":215}},"3":{"start":{"line":6,"column":22},"end":{"line":8,"column":1}},"4":{"start":{"line":7,"column":2},"end":{"line":7,"column":30}},"5":{"start":{"line":10,"column":23},"end":{"line":10,"column":60}},"6":{"start":{"line":10,"column":30},"end":{"line":10,"column":60}},"7":{"start":{"line":12,"column":17},"end":{"line":17,"column":1}},"8":{"start":{"line":13,"column":16},"end":{"line":13,"column":26}},"9":{"start":{"line":14,"column":2},"end":{"line":16,"column":4}},"10":{"start":{"line":19,"column":19},"end":{"line":29,"column":1}},"11":{"start":{"line":20,"column":2},"end":{"line":28,"column":3}},"12":{"start":{"line":21,"column":18},"end":{"line":21,"column":28}},"13":{"start":{"line":22,"column":16},"end":{"line":22,"column":29}},"14":{"start":{"line":23,"column":16},"end":{"line":23,"column":40}},"15":{"start":{"line":24,"column":20},"end":{"line":24,"column":39}},"16":{"start":{"line":25,"column":4},"end":{"line":25,"column":19}},"17":{"start":{"line":27,"column":4},"end":{"line":27,"column":14}},"18":{"start":{"line":31,"column":0},"end":{"line":35,"column":2}}},"fnMap":{"0":{"name":"(anonymous_0)","decl":{"start":{"line":3,"column":15},"end":{"line":3,"column":16}},"loc":{"start":{"line":4,"column":2},"end":{"line":4,"column":215}},"line":4},"1":{"name":"(anonymous_1)","decl":{"start":{"line":6,"column":22},"end":{"line":6,"column":23}},"loc":{"start":{"line":6,"column":35},"end":{"line":8,"column":1}},"line":6},"2":{"name":"(anonymous_2)","decl":{"start":{"line":10,"column":23},"end":{"line":10,"column":24}},"loc":{"start":{"line":10,"column":30},"end":{"line":10,"column":60}},"line":10},"3":{"name":"(anonymous_3)","decl":{"start":{"line":12,"column":17},"end":{"line":12,"column":18}},"loc":{"start":{"line":12,"column":23},"end":{"line":17,"column":1}},"line":12},"4":{"name":"(anonymous_4)","decl":{"start":{"line":19,"column":19},"end":{"line":19,"column":20}},"loc":{"start":{"line":19,"column":33},"end":{"line":29,"column":1}},"line":19}},"branchMap":{},"s":{"0":1,"1":1,"2":1,"3":1,"4":1,"5":1,"6":0,"7":1,"8":1,"9":1,"10":1,"11":1,"12":1,"13":1,"14":1,"15":0,"16":0,"17":0,"18":1},"f":{"0":1,"1":1,"2":0,"3":1,"4":1},"b":{},"_coverageSchema":"1a1c01bbd47fc00a2c39e90264f33305004495a9","hash":"0070194bb78713ca91527516ad8fffe0421870ba"}
,"C:\\Users\\reina\\Desktop\\ReactAula\\FullStackMaster\\Exercicios\\semana02\\ConvertMyMoney\\lib\\convert.js": {"path":"C:\\Users\\reina\\Desktop\\ReactAula\\FullStackMaster\\Exercicios\\semana02\\ConvertMyMoney\\lib\\convert.js","statementMap":{"0":{"start":{"line":1,"column":16},"end":{"line":3,"column":1}},"1":{"start":{"line":2,"column":2},"end":{"line":2,"column":30}},"2":{"start":{"line":5,"column":16},"end":{"line":7,"column":1}},"3":{"start":{"line":6,"column":2},"end":{"line":6,"column":38}},"4":{"start":{"line":9,"column":0},"end":{"line":12,"column":2}}},"fnMap":{"0":{"name":"(anonymous_0)","decl":{"start":{"line":1,"column":16},"end":{"line":1,"column":17}},"loc":{"start":{"line":1,"column":41},"end":{"line":3,"column":1}},"line":1},"1":{"name":"(anonymous_1)","decl":{"start":{"line":5,"column":16},"end":{"line":5,"column":17}},"loc":{"start":{"line":5,"column":25},"end":{"line":7,"column":1}},"line":5}},"branchMap":{},"s":{"0":1,"1":1,"2":1,"3":1,"4":1},"f":{"0":1,"1":1},"b":{},"_coverageSchema":"1a1c01bbd47fc00a2c39e90264f33305004495a9","hash":"8a610b45396e38f304f7b86bfc053bcf53243581"}
}
